2023-03-30 21:06:13,836 [Worker-7: Loading available Gradle versions] INFO  o.e.b.c.i.u.g.PublishedGradleVersions - Gradle version information cache is out-of-date. Trying to update.
2023-04-01 20:35:36,234 [Worker-2: Loading available Gradle versions] INFO  o.e.b.c.i.u.g.PublishedGradleVersions - Gradle version information cache is up-to-date. Trying to read.
2023-04-04 20:30:31,803 [Worker-5: Loading available Gradle versions] INFO  o.e.b.c.i.u.g.PublishedGradleVersions - Gradle version information cache is up-to-date. Trying to read.
2023-04-06 20:31:48,002 [Worker-3: Loading available Gradle versions] INFO  o.e.b.c.i.u.g.PublishedGradleVersions - Gradle version information cache is up-to-date. Trying to read.
2023-04-08 20:23:39,634 [Worker-8: Loading available Gradle versions] INFO  o.e.b.c.i.u.g.PublishedGradleVersions - Gradle version information cache is up-to-date. Trying to read.
2023-04-12 20:32:24,504 [Worker-2: Loading available Gradle versions] INFO  o.e.b.c.i.u.g.PublishedGradleVersions - Gradle version information cache is up-to-date. Trying to read.
2023-04-13 20:37:31,730 [Worker-5: Loading available Gradle versions] INFO  o.e.b.c.i.u.g.PublishedGradleVersions - Gradle version information cache is out-of-date. Trying to update.
2023-04-15 20:35:22,796 [Worker-8: Loading available Gradle versions] INFO  o.e.b.c.i.u.g.PublishedGradleVersions - Gradle version information cache is up-to-date. Trying to read.
2023-04-18 20:34:55,005 [Worker-5: Loading available Gradle versions] INFO  o.e.b.c.i.u.g.PublishedGradleVersions - Gradle version information cache is up-to-date. Trying to read.
2023-04-19 20:31:50,110 [Worker-2: Loading available Gradle versions] INFO  o.e.b.c.i.u.g.PublishedGradleVersions - Gradle version information cache is up-to-date. Trying to read.
2023-04-19 20:38:35,023 [Worker-21: Creating maven-archetype-quickstart] INFO  o.e.m.c.i.p.ProjectConfigurationManager - Collecting project info '/pom.xml' D:\OnlineTraning\AdvanceJava8.30IST\HibernateMaven\pom.xml
2023-04-19 20:38:36,505 [Worker-21: Creating maven-archetype-quickstart] INFO  o.e.m.c.i.l.LifecycleMappingFactory - Using org.eclipse.m2e.jdt.JarLifecycleMapping lifecycle mapping for MavenProject: com.xyz:HibernateMaven:0.0.1-SNAPSHOT @ D:\OnlineTraning\AdvanceJava8.30IST\HibernateMaven\pom.xml.
2023-04-19 20:38:37,616 [Worker-21: Creating maven-archetype-quickstart] INFO  o.e.m.j.i.AbstractJavaProjectConfigurator - Adding source folder /HibernateMaven/src/main/java
2023-04-19 20:38:37,622 [Worker-21: Creating maven-archetype-quickstart] INFO  o.e.m.j.i.AbstractJavaProjectConfigurator - Adding source folder /HibernateMaven/src/test/java
2023-04-19 20:38:37,723 [Worker-21: Creating maven-archetype-quickstart] INFO  o.e.m.c.i.p.ProjectConfigurationManager - Imported and configured 1 project(s) in 2 sec
2023-04-19 20:38:38,160 [Worker-20: Building] INFO  o.e.m.c.i.embedder.EclipseLogger - Using 'UTF-8' encoding to copy filtered resources.
2023-04-19 20:38:38,160 [Worker-20: Building] INFO  o.e.m.c.i.embedder.EclipseLogger - skip non existing resourceDirectory D:\OnlineTraning\AdvanceJava8.30IST\HibernateMaven\src\main\resources
2023-04-19 20:38:38,165 [Worker-20: Building] INFO  o.e.m.c.i.embedder.EclipseLogger - Using 'UTF-8' encoding to copy filtered resources.
2023-04-19 20:38:38,166 [Worker-20: Building] INFO  o.e.m.c.i.embedder.EclipseLogger - skip non existing resourceDirectory D:\OnlineTraning\AdvanceJava8.30IST\HibernateMaven\src\test\resources
2023-04-19 20:41:11,871 [Worker-25: Building] INFO  o.e.m.c.i.l.LifecycleMappingFactory - Using org.eclipse.m2e.jdt.JarLifecycleMapping lifecycle mapping for MavenProject: com.xyz:HibernateMaven:0.0.1-SNAPSHOT @ D:\OnlineTraning\AdvanceJava8.30IST\HibernateMaven\pom.xml.
2023-04-19 20:41:12,280 [Worker-25: Building] INFO  o.e.m.c.i.embedder.EclipseLogger - Using 'UTF-8' encoding to copy filtered resources.
2023-04-19 20:41:12,281 [Worker-25: Building] INFO  o.e.m.c.i.embedder.EclipseLogger - skip non existing resourceDirectory D:\OnlineTraning\AdvanceJava8.30IST\HibernateMaven\src\main\resources
2023-04-19 20:41:12,288 [Worker-25: Building] INFO  o.e.m.c.i.embedder.EclipseLogger - Using 'UTF-8' encoding to copy filtered resources.
2023-04-19 20:41:12,289 [Worker-25: Building] INFO  o.e.m.c.i.embedder.EclipseLogger - skip non existing resourceDirectory D:\OnlineTraning\AdvanceJava8.30IST\HibernateMaven\src\test\resources
2023-04-19 20:41:14,437 [Worker-26: Building] INFO  o.e.m.c.i.embedder.EclipseLogger - Using 'UTF-8' encoding to copy filtered resources.
2023-04-19 20:41:14,438 [Worker-26: Building] INFO  o.e.m.c.i.embedder.EclipseLogger - skip non existing resourceDirectory D:\OnlineTraning\AdvanceJava8.30IST\HibernateMaven\src\main\resources
2023-04-19 20:41:14,440 [Worker-26: Building] INFO  o.e.m.c.i.embedder.EclipseLogger - Using 'UTF-8' encoding to copy filtered resources.
2023-04-19 20:41:14,441 [Worker-26: Building] INFO  o.e.m.c.i.embedder.EclipseLogger - skip non existing resourceDirectory D:\OnlineTraning\AdvanceJava8.30IST\HibernateMaven\src\test\resources
2023-04-19 20:42:06,250 [Worker-20: Building] INFO  o.e.m.c.i.embedder.EclipseLogger - Using 'UTF-8' encoding to copy filtered resources.
2023-04-19 20:42:06,251 [Worker-20: Building] INFO  o.e.m.c.i.embedder.EclipseLogger - skip non existing resourceDirectory D:\OnlineTraning\AdvanceJava8.30IST\HibernateMaven\src\main\resources
2023-04-19 20:42:06,253 [Worker-20: Building] INFO  o.e.m.c.i.embedder.EclipseLogger - Using 'UTF-8' encoding to copy filtered resources.
2023-04-19 20:42:06,253 [Worker-20: Building] INFO  o.e.m.c.i.embedder.EclipseLogger - skip non existing resourceDirectory D:\OnlineTraning\AdvanceJava8.30IST\HibernateMaven\src\test\resources
2023-04-19 20:42:06,448 [Worker-27: Building] INFO  o.e.m.c.i.embedder.EclipseLogger - Using 'UTF-8' encoding to copy filtered resources.
2023-04-19 20:42:06,449 [Worker-27: Building] INFO  o.e.m.c.i.embedder.EclipseLogger - skip non existing resourceDirectory D:\OnlineTraning\AdvanceJava8.30IST\HibernateMaven\src\main\resources
2023-04-19 20:42:06,452 [Worker-27: Building] INFO  o.e.m.c.i.embedder.EclipseLogger - Using 'UTF-8' encoding to copy filtered resources.
2023-04-19 20:42:06,452 [Worker-27: Building] INFO  o.e.m.c.i.embedder.EclipseLogger - skip non existing resourceDirectory D:\OnlineTraning\AdvanceJava8.30IST\HibernateMaven\src\test\resources
2023-04-19 20:42:27,540 [Worker-27: Building] INFO  o.e.m.c.i.embedder.EclipseLogger - Using 'UTF-8' encoding to copy filtered resources.
2023-04-19 20:42:27,541 [Worker-27: Building] INFO  o.e.m.c.i.embedder.EclipseLogger - skip non existing resourceDirectory D:\OnlineTraning\AdvanceJava8.30IST\HibernateMaven\src\main\resources
2023-04-19 20:42:27,543 [Worker-27: Building] INFO  o.e.m.c.i.embedder.EclipseLogger - Using 'UTF-8' encoding to copy filtered resources.
2023-04-19 20:42:27,543 [Worker-27: Building] INFO  o.e.m.c.i.embedder.EclipseLogger - skip non existing resourceDirectory D:\OnlineTraning\AdvanceJava8.30IST\HibernateMaven\src\test\resources
2023-04-19 20:43:30,702 [Worker-26: Building] INFO  o.e.m.c.i.embedder.EclipseLogger - Using 'UTF-8' encoding to copy filtered resources.
2023-04-19 20:43:30,702 [Worker-26: Building] INFO  o.e.m.c.i.embedder.EclipseLogger - skip non existing resourceDirectory D:\OnlineTraning\AdvanceJava8.30IST\HibernateMaven\src\main\resources
2023-04-19 20:43:30,703 [Worker-26: Building] INFO  o.e.m.c.i.embedder.EclipseLogger - Using 'UTF-8' encoding to copy filtered resources.
2023-04-19 20:43:30,703 [Worker-26: Building] INFO  o.e.m.c.i.embedder.EclipseLogger - skip non existing resourceDirectory D:\OnlineTraning\AdvanceJava8.30IST\HibernateMaven\src\test\resources
2023-04-19 20:45:17,269 [Worker-21: Building] INFO  o.e.m.c.i.embedder.EclipseLogger - Using 'UTF-8' encoding to copy filtered resources.
2023-04-19 20:45:17,270 [Worker-21: Building] INFO  o.e.m.c.i.embedder.EclipseLogger - skip non existing resourceDirectory D:\OnlineTraning\AdvanceJava8.30IST\HibernateMaven\src\main\resources
2023-04-19 20:45:17,271 [Worker-21: Building] INFO  o.e.m.c.i.embedder.EclipseLogger - Using 'UTF-8' encoding to copy filtered resources.
2023-04-19 20:45:17,272 [Worker-21: Building] INFO  o.e.m.c.i.embedder.EclipseLogger - skip non existing resourceDirectory D:\OnlineTraning\AdvanceJava8.30IST\HibernateMaven\src\test\resources
2023-04-19 20:45:35,334 [Worker-26: Building] INFO  o.e.m.c.i.embedder.EclipseLogger - Using 'UTF-8' encoding to copy filtered resources.
2023-04-19 20:45:35,336 [Worker-26: Building] INFO  o.e.m.c.i.embedder.EclipseLogger - skip non existing resourceDirectory D:\OnlineTraning\AdvanceJava8.30IST\HibernateMaven\src\main\resources
2023-04-19 20:45:35,344 [Worker-26: Building] INFO  o.e.m.c.i.embedder.EclipseLogger - Using 'UTF-8' encoding to copy filtered resources.
2023-04-19 20:45:35,345 [Worker-26: Building] INFO  o.e.m.c.i.embedder.EclipseLogger - skip non existing resourceDirectory D:\OnlineTraning\AdvanceJava8.30IST\HibernateMaven\src\test\resources
2023-04-19 20:45:55,563 [Worker-21: Building] INFO  o.e.m.c.i.embedder.EclipseLogger - Using 'UTF-8' encoding to copy filtered resources.
2023-04-19 20:45:55,563 [Worker-21: Building] INFO  o.e.m.c.i.embedder.EclipseLogger - skip non existing resourceDirectory D:\OnlineTraning\AdvanceJava8.30IST\HibernateMaven\src\main\resources
2023-04-19 20:45:55,566 [Worker-21: Building] INFO  o.e.m.c.i.embedder.EclipseLogger - Using 'UTF-8' encoding to copy filtered resources.
2023-04-19 20:45:55,567 [Worker-21: Building] INFO  o.e.m.c.i.embedder.EclipseLogger - skip non existing resourceDirectory D:\OnlineTraning\AdvanceJava8.30IST\HibernateMaven\src\test\resources
2023-04-19 20:46:19,647 [Worker-25: Building] INFO  o.e.m.c.i.embedder.EclipseLogger - Using 'UTF-8' encoding to copy filtered resources.
2023-04-19 20:46:19,647 [Worker-25: Building] INFO  o.e.m.c.i.embedder.EclipseLogger - skip non existing resourceDirectory D:\OnlineTraning\AdvanceJava8.30IST\HibernateMaven\src\main\resources
2023-04-19 20:46:19,651 [Worker-25: Building] INFO  o.e.m.c.i.embedder.EclipseLogger - Using 'UTF-8' encoding to copy filtered resources.
2023-04-19 20:46:19,651 [Worker-25: Building] INFO  o.e.m.c.i.embedder.EclipseLogger - skip non existing resourceDirectory D:\OnlineTraning\AdvanceJava8.30IST\HibernateMaven\src\test\resources
2023-04-19 20:47:10,161 [Worker-29: Building] INFO  o.e.m.c.i.embedder.EclipseLogger - Using 'UTF-8' encoding to copy filtered resources.
2023-04-19 20:47:10,161 [Worker-29: Building] INFO  o.e.m.c.i.embedder.EclipseLogger - skip non existing resourceDirectory D:\OnlineTraning\AdvanceJava8.30IST\HibernateMaven\src\main\resources
2023-04-19 20:47:10,163 [Worker-29: Building] INFO  o.e.m.c.i.embedder.EclipseLogger - Using 'UTF-8' encoding to copy filtered resources.
2023-04-19 20:47:10,163 [Worker-29: Building] INFO  o.e.m.c.i.embedder.EclipseLogger - skip non existing resourceDirectory D:\OnlineTraning\AdvanceJava8.30IST\HibernateMaven\src\test\resources
2023-04-19 20:47:32,901 [Worker-21: Building] INFO  o.e.m.c.i.embedder.EclipseLogger - Using 'UTF-8' encoding to copy filtered resources.
2023-04-19 20:47:32,902 [Worker-21: Building] INFO  o.e.m.c.i.embedder.EclipseLogger - skip non existing resourceDirectory D:\OnlineTraning\AdvanceJava8.30IST\HibernateMaven\src\main\resources
2023-04-19 20:47:32,904 [Worker-21: Building] INFO  o.e.m.c.i.embedder.EclipseLogger - Using 'UTF-8' encoding to copy filtered resources.
2023-04-19 20:47:32,904 [Worker-21: Building] INFO  o.e.m.c.i.embedder.EclipseLogger - skip non existing resourceDirectory D:\OnlineTraning\AdvanceJava8.30IST\HibernateMaven\src\test\resources
2023-04-25 20:30:43,304 [Worker-5: Loading available Gradle versions] INFO  o.e.b.c.i.u.g.PublishedGradleVersions - Gradle version information cache is up-to-date. Trying to read.
2023-04-27 20:31:05,356 [Worker-3: Loading available Gradle versions] INFO  o.e.b.c.i.u.g.PublishedGradleVersions - Gradle version information cache is up-to-date. Trying to read.
2023-04-29 20:24:44,191 [Worker-0: Loading available Gradle versions] INFO  o.e.b.c.i.u.g.PublishedGradleVersions - Gradle version information cache is up-to-date. Trying to read.
2023-05-02 20:31:33,094 [Worker-0: Loading available Gradle versions] INFO  o.e.b.c.i.u.g.PublishedGradleVersions - Gradle version information cache is up-to-date. Trying to read.
2023-05-04 20:31:04,634 [Worker-1: Loading available Gradle versions] INFO  o.e.b.c.i.u.g.PublishedGradleVersions - Gradle version information cache is up-to-date. Trying to read.
2023-05-04 20:48:01,595 [Worker-29: Creating maven-archetype-webapp] INFO  o.e.m.c.i.p.ProjectConfigurationManager - Collecting project info '/pom.xml' D:\OnlineTraning\AdvanceJava8.30IST\SpringMavenP1\pom.xml
2023-05-04 20:48:02,549 [Worker-29: Creating maven-archetype-webapp] INFO  o.e.m.c.i.l.LifecycleMappingFactory - Using org.maven.ide.eclipse.wtp.WarLifecycleMapping lifecycle mapping for MavenProject: com.xyz:SpringMavenP1:0.0.1-SNAPSHOT @ D:\OnlineTraning\AdvanceJava8.30IST\SpringMavenP1\pom.xml.
2023-05-04 20:48:03,943 [Worker-29: Creating maven-archetype-webapp] INFO  o.e.m.j.i.AbstractJavaProjectConfigurator - Adding source folder /SpringMavenP1/src/main/java
2023-05-04 20:48:03,944 [Worker-29: Creating maven-archetype-webapp] INFO  o.e.m.j.i.AbstractJavaProjectConfigurator - Adding source folder /SpringMavenP1/src/test/java
2023-05-04 20:48:04,793 [Worker-29: Creating maven-archetype-webapp] INFO  o.e.m.c.i.p.ProjectConfigurationManager - Imported and configured 1 project(s) in 3 sec
2023-05-04 20:48:05,184 [Worker-29: Building] INFO  o.e.m.c.i.embedder.EclipseLogger - Using 'UTF-8' encoding to copy filtered resources.
2023-05-04 20:48:05,184 [Worker-29: Building] INFO  o.e.m.c.i.embedder.EclipseLogger - skip non existing resourceDirectory D:\OnlineTraning\AdvanceJava8.30IST\SpringMavenP1\src\main\resources
2023-05-04 20:48:05,188 [Worker-29: Building] INFO  o.e.m.c.i.embedder.EclipseLogger - Using 'UTF-8' encoding to copy filtered resources.
2023-05-04 20:48:05,189 [Worker-29: Building] INFO  o.e.m.c.i.embedder.EclipseLogger - skip non existing resourceDirectory D:\OnlineTraning\AdvanceJava8.30IST\SpringMavenP1\src\test\resources
2023-05-04 20:48:06,324 [Worker-33: Building] INFO  o.e.m.c.i.embedder.EclipseLogger - Using 'UTF-8' encoding to copy filtered resources.
2023-05-04 20:48:06,324 [Worker-33: Building] INFO  o.e.m.c.i.embedder.EclipseLogger - skip non existing resourceDirectory D:\OnlineTraning\AdvanceJava8.30IST\SpringMavenP1\src\main\resources
2023-05-04 20:48:06,325 [Worker-33: Building] INFO  o.e.m.c.i.embedder.EclipseLogger - Using 'UTF-8' encoding to copy filtered resources.
2023-05-04 20:48:06,325 [Worker-33: Building] INFO  o.e.m.c.i.embedder.EclipseLogger - skip non existing resourceDirectory D:\OnlineTraning\AdvanceJava8.30IST\SpringMavenP1\src\test\resources
2023-05-04 20:48:39,988 [Worker-32: Building] INFO  o.e.m.c.i.embedder.EclipseLogger - Using 'UTF-8' encoding to copy filtered resources.
2023-05-04 20:48:39,989 [Worker-32: Building] INFO  o.e.m.c.i.embedder.EclipseLogger - skip non existing resourceDirectory D:\OnlineTraning\AdvanceJava8.30IST\SpringMavenP1\src\main\resources
2023-05-04 20:48:39,990 [Worker-32: Building] INFO  o.e.m.c.i.embedder.EclipseLogger - Using 'UTF-8' encoding to copy filtered resources.
2023-05-04 20:48:39,990 [Worker-32: Building] INFO  o.e.m.c.i.embedder.EclipseLogger - skip non existing resourceDirectory D:\OnlineTraning\AdvanceJava8.30IST\SpringMavenP1\src\test\resources
2023-05-04 20:48:49,186 [Worker-34: Building] INFO  o.e.m.c.i.embedder.EclipseLogger - Using 'UTF-8' encoding to copy filtered resources.
2023-05-04 20:48:49,187 [Worker-34: Building] INFO  o.e.m.c.i.embedder.EclipseLogger - skip non existing resourceDirectory D:\OnlineTraning\AdvanceJava8.30IST\SpringMavenP1\src\main\resources
2023-05-04 20:48:49,188 [Worker-34: Building] INFO  o.e.m.c.i.embedder.EclipseLogger - Using 'UTF-8' encoding to copy filtered resources.
2023-05-04 20:48:49,188 [Worker-34: Building] INFO  o.e.m.c.i.embedder.EclipseLogger - skip non existing resourceDirectory D:\OnlineTraning\AdvanceJava8.30IST\SpringMavenP1\src\test\resources
2023-05-04 20:48:55,273 [Worker-32: Building] INFO  o.e.m.c.i.embedder.EclipseLogger - Using 'UTF-8' encoding to copy filtered resources.
2023-05-04 20:48:55,274 [Worker-32: Building] INFO  o.e.m.c.i.embedder.EclipseLogger - skip non existing resourceDirectory D:\OnlineTraning\AdvanceJava8.30IST\SpringMavenP1\src\main\resources
2023-05-04 20:48:55,275 [Worker-32: Building] INFO  o.e.m.c.i.embedder.EclipseLogger - Using 'UTF-8' encoding to copy filtered resources.
2023-05-04 20:48:55,275 [Worker-32: Building] INFO  o.e.m.c.i.embedder.EclipseLogger - skip non existing resourceDirectory D:\OnlineTraning\AdvanceJava8.30IST\SpringMavenP1\src\test\resources
2023-05-04 20:49:16,642 [Worker-32: Building Project SpringMavenP1] INFO  o.e.m.c.i.embedder.EclipseLogger - Using 'UTF-8' encoding to copy filtered resources.
2023-05-04 20:49:16,643 [Worker-32: Building Project SpringMavenP1] INFO  o.e.m.c.i.embedder.EclipseLogger - skip non existing resourceDirectory D:\OnlineTraning\AdvanceJava8.30IST\SpringMavenP1\src\main\resources
2023-05-04 20:49:16,645 [Worker-32: Building Project SpringMavenP1] INFO  o.e.m.c.i.embedder.EclipseLogger - Using 'UTF-8' encoding to copy filtered resources.
2023-05-04 20:49:16,646 [Worker-32: Building Project SpringMavenP1] INFO  o.e.m.c.i.embedder.EclipseLogger - skip non existing resourceDirectory D:\OnlineTraning\AdvanceJava8.30IST\SpringMavenP1\src\test\resources
2023-05-04 20:50:38,848 [Worker-35: Building] INFO  o.e.m.c.i.l.LifecycleMappingFactory - Using org.maven.ide.eclipse.wtp.WarLifecycleMapping lifecycle mapping for MavenProject: com.xyz:SpringMavenP1:0.0.1-SNAPSHOT @ D:\OnlineTraning\AdvanceJava8.30IST\SpringMavenP1\pom.xml.
2023-05-04 20:50:39,933 [Worker-35: Building] INFO  o.e.m.c.i.embedder.EclipseLogger - Using 'UTF-8' encoding to copy filtered resources.
2023-05-04 20:50:39,934 [Worker-35: Building] INFO  o.e.m.c.i.embedder.EclipseLogger - skip non existing resourceDirectory D:\OnlineTraning\AdvanceJava8.30IST\SpringMavenP1\src\main\resources
2023-05-04 20:50:39,939 [Worker-35: Building] INFO  o.e.m.c.i.embedder.EclipseLogger - Using 'UTF-8' encoding to copy filtered resources.
2023-05-04 20:50:39,939 [Worker-35: Building] INFO  o.e.m.c.i.embedder.EclipseLogger - skip non existing resourceDirectory D:\OnlineTraning\AdvanceJava8.30IST\SpringMavenP1\src\test\resources
2023-05-04 20:50:39,940 [Worker-35: Building] INFO  o.e.m.w.i.f.ResourceFilteringBuildParticipant - Changed resources require a complete clean of filtered resources of SpringMavenP1
2023-05-04 20:50:39,943 [Worker-35: Building] INFO  o.e.m.w.i.f.ResourceFilteringBuildParticipant - Executing resource filtering for SpringMavenP1
2023-05-04 20:50:39,953 [Worker-35: Building] INFO  o.e.m.c.i.embedder.EclipseLogger - Using 'UTF-8' encoding to copy filtered resources.
2023-05-04 20:50:54,387 [Worker-37: Building] INFO  o.e.m.c.i.embedder.EclipseLogger - Using 'UTF-8' encoding to copy filtered resources.
2023-05-04 20:50:54,387 [Worker-37: Building] INFO  o.e.m.c.i.embedder.EclipseLogger - skip non existing resourceDirectory D:\OnlineTraning\AdvanceJava8.30IST\SpringMavenP1\src\main\resources
2023-05-04 20:50:54,390 [Worker-37: Building] INFO  o.e.m.c.i.embedder.EclipseLogger - Using 'UTF-8' encoding to copy filtered resources.
2023-05-04 20:50:54,390 [Worker-37: Building] INFO  o.e.m.c.i.embedder.EclipseLogger - skip non existing resourceDirectory D:\OnlineTraning\AdvanceJava8.30IST\SpringMavenP1\src\test\resources
2023-05-04 20:51:54,926 [Worker-34: Building] INFO  o.e.m.c.i.embedder.EclipseLogger - Using 'UTF-8' encoding to copy filtered resources.
2023-05-04 20:51:54,926 [Worker-34: Building] INFO  o.e.m.c.i.embedder.EclipseLogger - skip non existing resourceDirectory D:\OnlineTraning\AdvanceJava8.30IST\SpringMavenP1\src\main\resources
2023-05-04 20:51:54,927 [Worker-34: Building] INFO  o.e.m.c.i.embedder.EclipseLogger - Using 'UTF-8' encoding to copy filtered resources.
2023-05-04 20:51:54,927 [Worker-34: Building] INFO  o.e.m.c.i.embedder.EclipseLogger - skip non existing resourceDirectory D:\OnlineTraning\AdvanceJava8.30IST\SpringMavenP1\src\test\resources
2023-05-04 20:52:14,483 [Worker-35: Building] INFO  o.e.m.c.i.embedder.EclipseLogger - Using 'UTF-8' encoding to copy filtered resources.
2023-05-04 20:52:14,483 [Worker-35: Building] INFO  o.e.m.c.i.embedder.EclipseLogger - skip non existing resourceDirectory D:\OnlineTraning\AdvanceJava8.30IST\SpringMavenP1\src\main\resources
2023-05-04 20:52:14,484 [Worker-35: Building] INFO  o.e.m.c.i.embedder.EclipseLogger - Using 'UTF-8' encoding to copy filtered resources.
2023-05-04 20:52:14,484 [Worker-35: Building] INFO  o.e.m.c.i.embedder.EclipseLogger - skip non existing resourceDirectory D:\OnlineTraning\AdvanceJava8.30IST\SpringMavenP1\src\test\resources
2023-05-04 20:52:52,863 [Worker-35: Building] INFO  o.e.m.c.i.embedder.EclipseLogger - Using 'UTF-8' encoding to copy filtered resources.
2023-05-04 20:52:52,863 [Worker-35: Building] INFO  o.e.m.c.i.embedder.EclipseLogger - skip non existing resourceDirectory D:\OnlineTraning\AdvanceJava8.30IST\SpringMavenP1\src\main\resources
2023-05-04 20:52:52,864 [Worker-35: Building] INFO  o.e.m.c.i.embedder.EclipseLogger - Using 'UTF-8' encoding to copy filtered resources.
2023-05-04 20:52:52,864 [Worker-35: Building] INFO  o.e.m.c.i.embedder.EclipseLogger - skip non existing resourceDirectory D:\OnlineTraning\AdvanceJava8.30IST\SpringMavenP1\src\test\resources
2023-05-04 20:53:35,534 [Worker-39: Building] INFO  o.e.m.c.i.embedder.EclipseLogger - Using 'UTF-8' encoding to copy filtered resources.
2023-05-04 20:53:35,535 [Worker-39: Building] INFO  o.e.m.c.i.embedder.EclipseLogger - skip non existing resourceDirectory D:\OnlineTraning\AdvanceJava8.30IST\SpringMavenP1\src\main\resources
2023-05-04 20:53:35,537 [Worker-39: Building] INFO  o.e.m.c.i.embedder.EclipseLogger - Using 'UTF-8' encoding to copy filtered resources.
2023-05-04 20:53:35,537 [Worker-39: Building] INFO  o.e.m.c.i.embedder.EclipseLogger - skip non existing resourceDirectory D:\OnlineTraning\AdvanceJava8.30IST\SpringMavenP1\src\test\resources
2023-05-04 20:54:00,481 [Worker-39: Building] INFO  o.e.m.c.i.embedder.EclipseLogger - Using 'UTF-8' encoding to copy filtered resources.
2023-05-04 20:54:00,481 [Worker-39: Building] INFO  o.e.m.c.i.embedder.EclipseLogger - skip non existing resourceDirectory D:\OnlineTraning\AdvanceJava8.30IST\SpringMavenP1\src\main\resources
2023-05-04 20:54:00,482 [Worker-39: Building] INFO  o.e.m.c.i.embedder.EclipseLogger - Using 'UTF-8' encoding to copy filtered resources.
2023-05-04 20:54:00,482 [Worker-39: Building] INFO  o.e.m.c.i.embedder.EclipseLogger - skip non existing resourceDirectory D:\OnlineTraning\AdvanceJava8.30IST\SpringMavenP1\src\test\resources
2023-05-04 20:54:38,960 [Worker-34: Building] INFO  o.e.m.c.i.embedder.EclipseLogger - Using 'UTF-8' encoding to copy filtered resources.
2023-05-04 20:54:38,960 [Worker-34: Building] INFO  o.e.m.c.i.embedder.EclipseLogger - skip non existing resourceDirectory D:\OnlineTraning\AdvanceJava8.30IST\SpringMavenP1\src\main\resources
2023-05-04 20:54:38,961 [Worker-34: Building] INFO  o.e.m.c.i.embedder.EclipseLogger - Using 'UTF-8' encoding to copy filtered resources.
2023-05-04 20:54:38,962 [Worker-34: Building] INFO  o.e.m.c.i.embedder.EclipseLogger - skip non existing resourceDirectory D:\OnlineTraning\AdvanceJava8.30IST\SpringMavenP1\src\test\resources
2023-05-04 20:55:21,204 [Worker-35: Building] INFO  o.e.m.c.i.embedder.EclipseLogger - Using 'UTF-8' encoding to copy filtered resources.
2023-05-04 20:55:21,204 [Worker-35: Building] INFO  o.e.m.c.i.embedder.EclipseLogger - skip non existing resourceDirectory D:\OnlineTraning\AdvanceJava8.30IST\SpringMavenP1\src\main\resources
2023-05-04 20:55:21,206 [Worker-35: Building] INFO  o.e.m.c.i.embedder.EclipseLogger - Using 'UTF-8' encoding to copy filtered resources.
2023-05-04 20:55:21,207 [Worker-35: Building] INFO  o.e.m.c.i.embedder.EclipseLogger - skip non existing resourceDirectory D:\OnlineTraning\AdvanceJava8.30IST\SpringMavenP1\src\test\resources
2023-05-04 20:56:17,278 [Worker-35: Building] INFO  o.e.m.c.i.embedder.EclipseLogger - Using 'UTF-8' encoding to copy filtered resources.
2023-05-04 20:56:17,278 [Worker-35: Building] INFO  o.e.m.c.i.embedder.EclipseLogger - skip non existing resourceDirectory D:\OnlineTraning\AdvanceJava8.30IST\SpringMavenP1\src\main\resources
2023-05-04 20:56:17,280 [Worker-35: Building] INFO  o.e.m.c.i.embedder.EclipseLogger - Using 'UTF-8' encoding to copy filtered resources.
2023-05-04 20:56:17,281 [Worker-35: Building] INFO  o.e.m.c.i.embedder.EclipseLogger - skip non existing resourceDirectory D:\OnlineTraning\AdvanceJava8.30IST\SpringMavenP1\src\test\resources
2023-05-04 20:57:05,399 [Worker-34: Building] INFO  o.e.m.c.i.embedder.EclipseLogger - Using 'UTF-8' encoding to copy filtered resources.
2023-05-04 20:57:05,399 [Worker-34: Building] INFO  o.e.m.c.i.embedder.EclipseLogger - skip non existing resourceDirectory D:\OnlineTraning\AdvanceJava8.30IST\SpringMavenP1\src\main\resources
2023-05-04 20:57:05,400 [Worker-34: Building] INFO  o.e.m.c.i.embedder.EclipseLogger - Using 'UTF-8' encoding to copy filtered resources.
2023-05-04 20:57:05,401 [Worker-34: Building] INFO  o.e.m.c.i.embedder.EclipseLogger - skip non existing resourceDirectory D:\OnlineTraning\AdvanceJava8.30IST\SpringMavenP1\src\test\resources
2023-05-04 20:57:49,945 [Worker-37: Building] INFO  o.e.m.c.i.embedder.EclipseLogger - Using 'UTF-8' encoding to copy filtered resources.
2023-05-04 20:57:49,945 [Worker-37: Building] INFO  o.e.m.c.i.embedder.EclipseLogger - skip non existing resourceDirectory D:\OnlineTraning\AdvanceJava8.30IST\SpringMavenP1\src\main\resources
2023-05-04 20:57:49,946 [Worker-37: Building] INFO  o.e.m.c.i.embedder.EclipseLogger - Using 'UTF-8' encoding to copy filtered resources.
2023-05-04 20:57:49,946 [Worker-37: Building] INFO  o.e.m.c.i.embedder.EclipseLogger - skip non existing resourceDirectory D:\OnlineTraning\AdvanceJava8.30IST\SpringMavenP1\src\test\resources
2023-05-05 20:32:07,240 [Worker-8: Loading available Gradle versions] INFO  o.e.b.c.i.u.g.PublishedGradleVersions - Gradle version information cache is out-of-date. Trying to update.
2023-05-05 20:32:12,453 [Worker-12: Building] INFO  o.e.m.c.i.embedder.EclipseLogger - Using 'UTF-8' encoding to copy filtered resources.
2023-05-05 20:32:12,454 [Worker-12: Building] INFO  o.e.m.c.i.embedder.EclipseLogger - skip non existing resourceDirectory D:\OnlineTraning\AdvanceJava8.30IST\HibernateMaven\src\main\resources
2023-05-05 20:32:12,464 [Worker-12: Building] INFO  o.e.m.c.i.embedder.EclipseLogger - Using 'UTF-8' encoding to copy filtered resources.
2023-05-05 20:32:12,464 [Worker-12: Building] INFO  o.e.m.c.i.embedder.EclipseLogger - skip non existing resourceDirectory D:\OnlineTraning\AdvanceJava8.30IST\HibernateMaven\src\test\resources
2023-05-05 20:34:37,981 [Worker-15: Creating maven-archetype-webapp] INFO  o.e.m.c.i.p.ProjectConfigurationManager - Collecting project info '/pom.xml' D:\OnlineTraning\AdvanceJava8.30IST\SpringIntegratingWithHibernate\pom.xml
2023-05-05 20:34:39,216 [Worker-15: Creating maven-archetype-webapp] INFO  o.e.m.c.i.l.LifecycleMappingFactory - Using org.maven.ide.eclipse.wtp.WarLifecycleMapping lifecycle mapping for MavenProject: com.xyz:SpringIntegratingWithHibernate:0.0.1-SNAPSHOT @ D:\OnlineTraning\AdvanceJava8.30IST\SpringIntegratingWithHibernate\pom.xml.
2023-05-05 20:34:40,218 [Worker-15: Creating maven-archetype-webapp] INFO  o.e.m.j.i.AbstractJavaProjectConfigurator - Adding source folder /SpringIntegratingWithHibernate/src/main/java
2023-05-05 20:34:40,219 [Worker-15: Creating maven-archetype-webapp] INFO  o.e.m.j.i.AbstractJavaProjectConfigurator - Adding source folder /SpringIntegratingWithHibernate/src/test/java
2023-05-05 20:34:41,628 [Worker-15: Creating maven-archetype-webapp] INFO  o.e.m.c.i.p.ProjectConfigurationManager - Imported and configured 1 project(s) in 3 sec
2023-05-05 20:34:42,409 [Worker-15: Building] INFO  o.e.m.c.i.embedder.EclipseLogger - Using 'UTF-8' encoding to copy filtered resources.
2023-05-05 20:34:42,409 [Worker-15: Building] INFO  o.e.m.c.i.embedder.EclipseLogger - skip non existing resourceDirectory D:\OnlineTraning\AdvanceJava8.30IST\SpringIntegratingWithHibernate\src\main\resources
2023-05-05 20:34:42,412 [Worker-15: Building] INFO  o.e.m.c.i.embedder.EclipseLogger - Using 'UTF-8' encoding to copy filtered resources.
2023-05-05 20:34:42,412 [Worker-15: Building] INFO  o.e.m.c.i.embedder.EclipseLogger - skip non existing resourceDirectory D:\OnlineTraning\AdvanceJava8.30IST\SpringIntegratingWithHibernate\src\test\resources
2023-05-05 20:35:27,418 [Worker-22: Building] INFO  o.e.m.c.i.embedder.EclipseLogger - Using 'UTF-8' encoding to copy filtered resources.
2023-05-05 20:35:27,419 [Worker-22: Building] INFO  o.e.m.c.i.embedder.EclipseLogger - skip non existing resourceDirectory D:\OnlineTraning\AdvanceJava8.30IST\SpringIntegratingWithHibernate\src\main\resources
2023-05-05 20:35:27,421 [Worker-22: Building] INFO  o.e.m.c.i.embedder.EclipseLogger - Using 'UTF-8' encoding to copy filtered resources.
2023-05-05 20:35:27,421 [Worker-22: Building] INFO  o.e.m.c.i.embedder.EclipseLogger - skip non existing resourceDirectory D:\OnlineTraning\AdvanceJava8.30IST\SpringIntegratingWithHibernate\src\test\resources
2023-05-05 20:35:40,036 [Worker-25: Building] INFO  o.e.m.c.i.embedder.EclipseLogger - Using 'UTF-8' encoding to copy filtered resources.
2023-05-05 20:35:40,036 [Worker-25: Building] INFO  o.e.m.c.i.embedder.EclipseLogger - skip non existing resourceDirectory D:\OnlineTraning\AdvanceJava8.30IST\SpringIntegratingWithHibernate\src\main\resources
2023-05-05 20:35:40,039 [Worker-25: Building] INFO  o.e.m.c.i.embedder.EclipseLogger - Using 'UTF-8' encoding to copy filtered resources.
2023-05-05 20:35:40,039 [Worker-25: Building] INFO  o.e.m.c.i.embedder.EclipseLogger - skip non existing resourceDirectory D:\OnlineTraning\AdvanceJava8.30IST\SpringIntegratingWithHibernate\src\test\resources
2023-05-05 20:35:49,323 [Worker-3: Building] INFO  o.e.m.c.i.embedder.EclipseLogger - Using 'UTF-8' encoding to copy filtered resources.
2023-05-05 20:35:49,324 [Worker-3: Building] INFO  o.e.m.c.i.embedder.EclipseLogger - skip non existing resourceDirectory D:\OnlineTraning\AdvanceJava8.30IST\SpringIntegratingWithHibernate\src\main\resources
2023-05-05 20:35:49,325 [Worker-3: Building] INFO  o.e.m.c.i.embedder.EclipseLogger - Using 'UTF-8' encoding to copy filtered resources.
2023-05-05 20:35:49,325 [Worker-3: Building] INFO  o.e.m.c.i.embedder.EclipseLogger - skip non existing resourceDirectory D:\OnlineTraning\AdvanceJava8.30IST\SpringIntegratingWithHibernate\src\test\resources
2023-05-05 20:36:01,852 [Worker-23: Building] INFO  o.e.m.c.i.embedder.EclipseLogger - Using 'UTF-8' encoding to copy filtered resources.
2023-05-05 20:36:01,854 [Worker-23: Building] INFO  o.e.m.c.i.embedder.EclipseLogger - skip non existing resourceDirectory D:\OnlineTraning\AdvanceJava8.30IST\SpringIntegratingWithHibernate\src\main\resources
2023-05-05 20:36:01,861 [Worker-23: Building] INFO  o.e.m.c.i.embedder.EclipseLogger - Using 'UTF-8' encoding to copy filtered resources.
2023-05-05 20:36:01,862 [Worker-23: Building] INFO  o.e.m.c.i.embedder.EclipseLogger - skip non existing resourceDirectory D:\OnlineTraning\AdvanceJava8.30IST\SpringIntegratingWithHibernate\src\test\resources
2023-05-05 20:36:28,532 [Worker-26: Building] INFO  o.e.m.c.i.embedder.EclipseLogger - Using 'UTF-8' encoding to copy filtered resources.
2023-05-05 20:36:28,533 [Worker-26: Building] INFO  o.e.m.c.i.embedder.EclipseLogger - skip non existing resourceDirectory D:\OnlineTraning\AdvanceJava8.30IST\SpringIntegratingWithHibernate\src\main\resources
2023-05-05 20:36:28,538 [Worker-26: Building] INFO  o.e.m.c.i.embedder.EclipseLogger - Using 'UTF-8' encoding to copy filtered resources.
2023-05-05 20:36:28,538 [Worker-26: Building] INFO  o.e.m.c.i.embedder.EclipseLogger - skip non existing resourceDirectory D:\OnlineTraning\AdvanceJava8.30IST\SpringIntegratingWithHibernate\src\test\resources
2023-05-05 20:36:37,780 [Worker-25: Building] INFO  o.e.m.c.i.embedder.EclipseLogger - Using 'UTF-8' encoding to copy filtered resources.
2023-05-05 20:36:37,782 [Worker-25: Building] INFO  o.e.m.c.i.embedder.EclipseLogger - skip non existing resourceDirectory D:\OnlineTraning\AdvanceJava8.30IST\SpringIntegratingWithHibernate\src\main\resources
2023-05-05 20:36:37,785 [Worker-25: Building] INFO  o.e.m.c.i.embedder.EclipseLogger - Using 'UTF-8' encoding to copy filtered resources.
2023-05-05 20:36:37,785 [Worker-25: Building] INFO  o.e.m.c.i.embedder.EclipseLogger - skip non existing resourceDirectory D:\OnlineTraning\AdvanceJava8.30IST\SpringIntegratingWithHibernate\src\test\resources
2023-05-05 20:37:51,802 [Worker-24: Building] INFO  o.e.m.c.i.l.LifecycleMappingFactory - Using org.maven.ide.eclipse.wtp.WarLifecycleMapping lifecycle mapping for MavenProject: com.xyz:SpringIntegratingWithHibernate:0.0.1-SNAPSHOT @ D:\OnlineTraning\AdvanceJava8.30IST\SpringIntegratingWithHibernate\pom.xml.
2023-05-05 20:37:52,824 [Worker-24: Building] INFO  o.e.m.c.i.embedder.EclipseLogger - Using 'UTF-8' encoding to copy filtered resources.
2023-05-05 20:37:52,824 [Worker-24: Building] INFO  o.e.m.c.i.embedder.EclipseLogger - skip non existing resourceDirectory D:\OnlineTraning\AdvanceJava8.30IST\SpringIntegratingWithHibernate\src\main\resources
2023-05-05 20:37:52,826 [Worker-24: Building] INFO  o.e.m.c.i.embedder.EclipseLogger - Using 'UTF-8' encoding to copy filtered resources.
2023-05-05 20:37:52,826 [Worker-24: Building] INFO  o.e.m.c.i.embedder.EclipseLogger - skip non existing resourceDirectory D:\OnlineTraning\AdvanceJava8.30IST\SpringIntegratingWithHibernate\src\test\resources
2023-05-05 20:37:52,826 [Worker-24: Building] INFO  o.e.m.w.i.f.ResourceFilteringBuildParticipant - Changed resources require a complete clean of filtered resources of SpringIntegratingWithHibernate
2023-05-05 20:37:52,829 [Worker-24: Building] INFO  o.e.m.w.i.f.ResourceFilteringBuildParticipant - Executing resource filtering for SpringIntegratingWithHibernate
2023-05-05 20:37:52,836 [Worker-24: Building] INFO  o.e.m.c.i.embedder.EclipseLogger - Using 'UTF-8' encoding to copy filtered resources.
2023-05-05 20:38:35,705 [Worker-25: Building] INFO  o.e.m.c.i.embedder.EclipseLogger - Using 'UTF-8' encoding to copy filtered resources.
2023-05-05 20:38:35,705 [Worker-25: Building] INFO  o.e.m.c.i.embedder.EclipseLogger - skip non existing resourceDirectory D:\OnlineTraning\AdvanceJava8.30IST\SpringIntegratingWithHibernate\src\main\resources
2023-05-05 20:38:35,707 [Worker-25: Building] INFO  o.e.m.c.i.embedder.EclipseLogger - Using 'UTF-8' encoding to copy filtered resources.
2023-05-05 20:38:35,708 [Worker-25: Building] INFO  o.e.m.c.i.embedder.EclipseLogger - skip non existing resourceDirectory D:\OnlineTraning\AdvanceJava8.30IST\SpringIntegratingWithHibernate\src\test\resources
2023-05-05 20:38:56,960 [Worker-24: Building] INFO  o.e.m.c.i.embedder.EclipseLogger - Using 'UTF-8' encoding to copy filtered resources.
2023-05-05 20:38:56,960 [Worker-24: Building] INFO  o.e.m.c.i.embedder.EclipseLogger - skip non existing resourceDirectory D:\OnlineTraning\AdvanceJava8.30IST\SpringIntegratingWithHibernate\src\main\resources
2023-05-05 20:38:56,964 [Worker-24: Building] INFO  o.e.m.c.i.embedder.EclipseLogger - Using 'UTF-8' encoding to copy filtered resources.
2023-05-05 20:38:56,965 [Worker-24: Building] INFO  o.e.m.c.i.embedder.EclipseLogger - skip non existing resourceDirectory D:\OnlineTraning\AdvanceJava8.30IST\SpringIntegratingWithHibernate\src\test\resources
2023-05-05 20:40:03,967 [Worker-25: Building] INFO  o.e.m.c.i.embedder.EclipseLogger - Using 'UTF-8' encoding to copy filtered resources.
2023-05-05 20:40:03,967 [Worker-25: Building] INFO  o.e.m.c.i.embedder.EclipseLogger - skip non existing resourceDirectory D:\OnlineTraning\AdvanceJava8.30IST\SpringIntegratingWithHibernate\src\main\resources
2023-05-05 20:40:03,969 [Worker-25: Building] INFO  o.e.m.c.i.embedder.EclipseLogger - Using 'UTF-8' encoding to copy filtered resources.
2023-05-05 20:40:03,969 [Worker-25: Building] INFO  o.e.m.c.i.embedder.EclipseLogger - skip non existing resourceDirectory D:\OnlineTraning\AdvanceJava8.30IST\SpringIntegratingWithHibernate\src\test\resources
2023-05-05 20:40:07,724 [Worker-24: Building] INFO  o.e.m.c.i.embedder.EclipseLogger - Using 'UTF-8' encoding to copy filtered resources.
2023-05-05 20:40:07,724 [Worker-24: Building] INFO  o.e.m.c.i.embedder.EclipseLogger - skip non existing resourceDirectory D:\OnlineTraning\AdvanceJava8.30IST\SpringIntegratingWithHibernate\src\main\resources
2023-05-05 20:40:07,727 [Worker-24: Building] INFO  o.e.m.c.i.embedder.EclipseLogger - Using 'UTF-8' encoding to copy filtered resources.
2023-05-05 20:40:07,727 [Worker-24: Building] INFO  o.e.m.c.i.embedder.EclipseLogger - skip non existing resourceDirectory D:\OnlineTraning\AdvanceJava8.30IST\SpringIntegratingWithHibernate\src\test\resources
2023-05-05 20:40:37,642 [Worker-23: Building] INFO  o.e.m.c.i.embedder.EclipseLogger - Using 'UTF-8' encoding to copy filtered resources.
2023-05-05 20:40:37,642 [Worker-23: Building] INFO  o.e.m.c.i.embedder.EclipseLogger - skip non existing resourceDirectory D:\OnlineTraning\AdvanceJava8.30IST\SpringIntegratingWithHibernate\src\main\resources
2023-05-05 20:40:37,646 [Worker-23: Building] INFO  o.e.m.c.i.embedder.EclipseLogger - Using 'UTF-8' encoding to copy filtered resources.
2023-05-05 20:40:37,647 [Worker-23: Building] INFO  o.e.m.c.i.embedder.EclipseLogger - skip non existing resourceDirectory D:\OnlineTraning\AdvanceJava8.30IST\SpringIntegratingWithHibernate\src\test\resources
2023-05-05 20:40:59,109 [Worker-27: Building] INFO  o.e.m.c.i.embedder.EclipseLogger - Using 'UTF-8' encoding to copy filtered resources.
2023-05-05 20:40:59,110 [Worker-27: Building] INFO  o.e.m.c.i.embedder.EclipseLogger - skip non existing resourceDirectory D:\OnlineTraning\AdvanceJava8.30IST\SpringIntegratingWithHibernate\src\main\resources
2023-05-05 20:40:59,111 [Worker-27: Building] INFO  o.e.m.c.i.embedder.EclipseLogger - Using 'UTF-8' encoding to copy filtered resources.
2023-05-05 20:40:59,112 [Worker-27: Building] INFO  o.e.m.c.i.embedder.EclipseLogger - skip non existing resourceDirectory D:\OnlineTraning\AdvanceJava8.30IST\SpringIntegratingWithHibernate\src\test\resources
2023-05-05 20:44:42,692 [Worker-23: Building] INFO  o.e.m.c.i.embedder.EclipseLogger - Using 'UTF-8' encoding to copy filtered resources.
2023-05-05 20:44:42,704 [Worker-23: Building] INFO  o.e.m.c.i.embedder.EclipseLogger - Copying 1 resource
2023-05-05 20:44:42,722 [Worker-23: Building] INFO  o.e.m.c.i.embedder.EclipseLogger - Using 'UTF-8' encoding to copy filtered resources.
2023-05-05 20:44:42,723 [Worker-23: Building] INFO  o.e.m.c.i.embedder.EclipseLogger - skip non existing resourceDirectory D:\OnlineTraning\AdvanceJava8.30IST\SpringIntegratingWithHibernate\src\test\resources
2023-05-05 20:44:54,524 [Worker-28: Building] INFO  o.e.m.c.i.embedder.EclipseLogger - Using 'UTF-8' encoding to copy filtered resources.
2023-05-05 20:44:54,525 [Worker-28: Building] INFO  o.e.m.c.i.embedder.EclipseLogger - Copying 1 resource
2023-05-05 20:44:54,530 [Worker-28: Building] INFO  o.e.m.c.i.embedder.EclipseLogger - Using 'UTF-8' encoding to copy filtered resources.
2023-05-05 20:44:54,530 [Worker-28: Building] INFO  o.e.m.c.i.embedder.EclipseLogger - skip non existing resourceDirectory D:\OnlineTraning\AdvanceJava8.30IST\SpringIntegratingWithHibernate\src\test\resources
